SF:lib/datasource/listing_item_local_data_source.dart
DA:13,1
DA:15,1
DA:16,2
DA:20,1
DA:24,1
DA:26,3
DA:27,1
DA:28,1
DA:29,3
DA:30,1
DA:31,1
DA:33,3
DA:36,1
DA:37,2
DA:39,3
DA:43,1
DA:44,2
DA:52,1
DA:53,2
DA:55,4
LF:20
LH:20
end_of_record
SF:lib/domain/listing_item.dart
DA:11,3
DA:17,0
DA:18,0
DA:19,0
DA:20,0
DA:21,0
DA:23,2
DA:24,12
DA:26,0
DA:28,0
DA:29,0
DA:32,1
DA:33,1
DA:34,1
DA:35,1
DA:36,1
DA:37,1
DA:38,1
LF:18
LH:10
end_of_record
SF:lib/model/listing_item_model.dart
DA:11,3
DA:17,0
DA:18,0
DA:19,0
DA:20,0
DA:21,0
DA:23,0
DA:29,0
DA:30,0
DA:31,0
DA:32,0
DA:33,0
DA:34,0
DA:38,0
DA:39,0
DA:40,0
DA:41,0
DA:42,0
DA:43,0
DA:44,0
DA:48,3
DA:49,3
DA:50,3
DA:51,3
DA:52,3
DA:53,3
DA:54,3
DA:58,1
DA:59,1
DA:60,2
DA:61,1
DA:62,1
DA:63,1
DA:64,1
DA:68,1
DA:69,1
DA:70,1
DA:71,1
DA:72,1
DA:73,1
DA:74,1
DA:78,0
DA:80,0
DA:81,0
DA:84,0
DA:86,0
DA:87,0
DA:88,0
DA:89,0
DA:90,0
DA:92,0
DA:95,0
DA:96,0
DA:97,0
DA:98,0
DA:99,0
DA:100,0
LF:57
LH:22
end_of_record
SF:lib/datasource/listing_item_remote_data_source.dart
DA:12,1
DA:14,1
DA:17,4
DA:18,2
DA:19,2
DA:20,4
DA:21,1
DA:23,1
LF:8
LH:8
end_of_record
SF:lib/core/failure.dart
DA:4,1
DA:5,1
LF:2
LH:2
end_of_record
SF:lib/core/network_info.dart
DA:6,0
DA:8,0
LF:2
LH:0
end_of_record
SF:lib/repository/listing_item_repository.dart
DA:16,1
DA:21,1
DA:22,3
DA:24,3
DA:25,1
DA:26,1
DA:27,2
DA:30,2
LF:8
LH:8
end_of_record
